1 168 65 180 167 0 54 234 275 34 36 216 87 221 85 179 108 249
2 296 99 41 184 164 116 88 110 33 80 212
3 72 7 8 103 4 134 75
4 148 286 299 246 294 259 24
5 162 159 210 203 136
6 133 62 220 161 276
7 127 13 260 92
8 137 58 193 95
9 227 225 290 56
10 218 15 18
11 273 171 150
12 285 144 187
13 74 107 105
14 263 63 38
15 261 156 267
16 198 19 125
17 44 60 200
18 57 129 79
19 21 245
20 213 226
21 166 113
22 53 232
23 91 224
24 39 277
25 188 230
26 174 96
27 281 29
28 32 128
29 172 214
30 28 40
31 282 102
32 284 241
33 222 202
34 146 244
35 204 217
36 239 64
37 121 122
38 82 14
39 157 254
40 111 185
41 50 26
42 243
43 268
44 158
45 68
46 295
47 3
48 236
49 271
50 86
51 27
52 207
53 191
54 209
55 253
56 117
57 11
58 163
59 258
60 61
61 170
62 89
63 298
64 109
65 177
66 197
67 160
68 237
69 22
70 195
71 23
72 73
73 269
74 190
75 147
76 6
77 114
78 140
79 48
80 76
81 90
82 93
83 42
84 10
85 70
86 119
87 283
88 235
89 25
90 101
91 118
92 131
93 5
94 81
95 138
96 201
97 287
98 83
99 124
100 205
