14 6689 5934 5335 519 1066 2519 7965 5970 3817 4742 4839 606 4525 6822
13 88 1867 3580 7499 9409 1097 6466 2465 3055 9003 677 1757 8292
12 8477 4758 6002 423 2920 672 5860 8175 7475 4094 3629 303
11 1273 2735 5497 2432 4059 4071 5018 6663 7929 4601 7401
11 4078 769 6381 5445 9888 3442 8731 4008 3090 3307 6916
11 7005 5324 8310 3549 4618 6815 9679 2720 6277 4855 7861
10 4309 5235 6670 7463 2571 5192 8708 8703 1305 1209
10 9514 187 4377 3371 2135 6783 1992 6263 273 6807
10 9847 4058 5300 5440 7957 5086 3444 8518 1900 7040
10 5299 9752 5769 7429 713 222 4307 7070 9305 9707
10 3607 9313 9976 3253 6695 9393 4435 1335 2917 9675
9 6831 1515 3156 2316 2883 7952 9799 5868 8329
9 961 3869 1543 6901 2949 1315 6115 920 5424
9 4150 6412 2061 3988 3167 117 7928 9619 3855
9 541 1040 1138 6706 9325 2559 4894 700 372
8 2356 7657 55 4346 29 84 9216 474
8 1560 837 8640 4842 24 4143 3555 2869
8 1888 2576 2247 4637 2986 9523 549 3149
8 4090 6198 5885 5716 2009 6961 3281 1664
7 9283 9140 1005 5598 375 3471 157
7 7956 3103 8962 1776 622 4214 8406
7 2020 1105 1833 9563 1353 7399 2912
7 5693 5341 7141 48 3564 8520 2695
7 445 1528 9084 580 4379 585 6228
6 5406 3030 583 8559 6952 5717
6 741 957 4494 8758 5304 297
6 7640 1735 9207 568 3025 8728
6 734 9256 8395 9411 4495 9901
6 61 6160 9581 8420 6649 7561
6 5381 2008 2941 3692 4882 3239
6 5161 3743 2278 9020 2429 9979
6 8675 7229 7877 4788 8102 8840
6 8950 719 6541 3457 1978 6724
6 1815 5902 7119 4066 6456 489
5 268 6694 9626 610 8342
5 9187 8509 8179 1993 2313
5 7799 6767 6361 5137 5343
5 9670 219 4687 9291 8271
5 554 5222 3693 8204 6424
5 4098 6403 9698 2531 8698
5 6843 1866 6780 4679 113
5 8086 6900 7318 7911 6269
5 3410 4056 394 7188 5881
5 4475 5027 2507 2327 3667
5 2944 6633 8189 8564 3697
5 9820 8213 768 5402 2774
5 7862 1724 7849 4586 6418
5 3168 3333 7186 2828 8587
5 19 4536 1447 9733 3546
5 1332 6965 1227 6044 2296
5 2324 6656 5227 8787 8630
4 3655 1794 3578 5218
4 6794 3049 7293 3527
4 6502 2603 7810 1194
4 7140 1883 6485 7709
4 5971 567 7064 1879
4 6529 8783 6189 4873
4 6139 1178 3276 3918
4 2424 7913 6031 190
4 2015 6404 3008 1407
4 9166 7455 8878 1838
4 5615 6662 7435 7936
4 8149 1784 9913 9935
4 8932 658 6607 7109
4 8484 5727 1269 311
4 5245 9405 6654 1414
4 9046 1637 4948 3249
4 1170 3245 7088 7687
4 3257 2233 8489 2738
4 9649 3409 7114 696
4 1512 7270 7864 3294
4 7398 7612 9449 739
4 1605 6913 7287 9550
4 3236 477 8262 1438
4 3005 9406 5213 7711
4 4877 3197 8736 4583
4 563 3575 1384 4693
4 2942 7156 3579 2589
4 5808 1609 6123 6329
4 2536 8425 1372 8024
4 8029 5387 7180 8557
4 4781 109 817 4984
4 7028 3596 1228 9463
4 1630 3148 6658 7129
4 7230 6199 9473 5948
4 1013 9347 1323 4706
4 7889 1492 5237 1860
4 726 2641 7993 9852
4 1024 6135 8209 3540
4 2079 9452 6740 4414
4 1406 2123 3826 5875
4 4959 9128 6493 7116
4 4546 4428 1651 4387
4 8302 8458 5113 7471
4 9402 4260 9090 2357
3 902 6558 3651
3 7704 6457 1984
3 7512 3208 3640
3 4208 4885 3951
3 5818 1593 8020
3 3138 5358 1773
3 3196 4511 7320
3 842 7553 8848
3 699 2166 9920
3 5743 6110 945
3 5649 6877 2026
3 9974 9685 8459
3 2538 7198 2899
3 2436 2748 6747
3 5491 6849 9052
3 7451 1734 9137
3 2838 8158 2426
3 1113 6039 627
3 7020 8184 3758
3 8055 5990 6150
3 2714 4537 9544
3 5359 2791 8376
3 5744 8435 166
3 3990 5112 3170
3 6252 3311 4437
3 4648 271 789
3 7104 3459 8566
3 5060 6924 2006
3 3160 3104 5393
3 5746 4223 2106
3 8713 1635 2784
3 5510 3696 7329
3 2788 5858 2963
3 8586 864 8629
3 892 8699 9306
3 5034 9087 7357
3 9996 9768 7210
3 3067 8021 2512
3 6786 9246 3572
3 8290 5466 9401
3 328 1489 5487
3 8449 9595 9864
3 3029 6752 7082
3 8979 3329 2520
3 1090 3176 3430
3 1530 6851 400
3 5856 2711 3384
3 9412 8323 6884
3 8739 4170 7846
3 7117 5572 3976
3 8447 3865 9851
3 9691 6745 7891
3 6159 2928 1852
3 4644 3424 2975
3 315 6068 2143
3 4233 8277 8104
3 1563 1100 661
3 2293 2511 4200
3 3601 9191 5654
3 1030 3024 5890
3 1674 9556 7792
3 3891 2915 7428
3 7768 2422 6735
3 608 1689 4455
3 9274 5189 9267
3 9320 8426 7108
3 8274 2626 5698
3 7677 5710 3461
3 6804 1363 4575
3 8715 1251 6168
3 4194 9666 5500
3 530 4833 4935
3 2335 4352 6455
3 1625 4794 9469
3 6741 3849 8774
3 245 5089 5996
3 7585 9602 481
3 9985 4164 5369
3 3773 6304 6951
3 206 2681 4112
3 8548 4910 4255
3 7546 1588 200
3 8203 5049 1421
3 2230 6875 7406
3 5006 1995 9316
3 8574 513 2957
3 7319 1869 493
3 2742 6296 8462
3 9012 5540 1121
3 7927 697 2401
3 4109 6164 9845
3 6206 6307 9813
3 8892 4624 5771
3 3092 5554 6155
3 4630 4661 9543
3 7224 5517 9078
3 9965 8370 8786
3 6004 3989 8328
3 5748 277 4635
3 9282 6912 4184
3 7631 2657 3317
3 2523 1697 720
3 3129 4867 2118
3 965 8073 6239
3 6192 874 3786
3 4196 9495 1524
3 4665 7975 2690
3 8784 6053 4815
3 5954 9627 2782
3 8832 8978 730
3 5205 8346 1218
3 3403 6756 3708
3 482 2455 8440
3 2198 128 5214
3 7638 502 8578
3 5535 9806 1527
3 8198 1221 4080
3 2495 9744 3910
3 9805 7379 1955
3 6450 3603 5636
3 3354 3830 9255
3 4084 8573 666
3 9503 9944 8792
3 8773 9559 9636
3 3541 7372 7648
3 2566 3068 4863
3 8338 3263 3821
3 5025 248 1054
3 7666 3462 168
3 5721 3947 3866
3 8410 41 1177
3 1010 8309 428
3 1313 8382 9628
3 8835 1142 4502
3 3991 6410 4421
3 5829 1200 6942
3 8902 6420 6836
3 8351 4848 7637
3 3017 7430 6669
2 6765 5757
2 6536 2904
2 5516 3188
2 7602 442
2 9144 4980
2 7465 7249
2 9045 2539
2 3490 9926
2 2642 3368
2 3779 1804
2 6338 2780
2 9297 4153
2 4246 8157
2 5507 8040
2 1276 5282
2 3510 3717
2 3105 8254
2 5425 409
2 1564 9382
2 5120 135
2 439 3396
2 150 1223
2 6029 5887
2 419 975
2 5777 1260
2 4349 9696
2 6202 8224
2 209 6711
2 1994 4507
2 3512 9633
2 6255 7236
2 615 4829
2 6360 7580
2 9874 533
2 8521 6003
2 718 2074
2 2399 8434
2 9631 9286
2 9385 3050
2 457 2973
2 839 7314
2 5285 95
2 7248 3875
2 8207 5541
2 318 7574
2 6265 4107
2 4920 7572
2 3073 3426
2 1997 4826
2 3147 4299
2 4225 2216
2 4720 69
2 4064 7243
2 6718 3083
2 4088 3411
2 9830 1970
2 1267 4673
2 933 9030
2 655 9890
2 1640 326
2 332 3200
2 7086 956
2 4703 3475
2 7876 9869
2 2425 2147
2 2717 6430
2 2605 9947
2 1908 8146
2 1206 565
2 4207 825
2 1843 2581
2 9757 4875
2 5017 8823
2 8133 4761
2 951 4154
2 8588 8915
2 5699 7874
2 9011 3602
2 989 7255
2 6012 4285
2 977 4050
2 9640 6200
2 3334 7870
2 3816 5566
2 5090 4705
2 802 47
2 1233 5212
2 3605 9487
2 8285 119
2 199 3108
2 5712 6125
2 4048 57
2 8637 8711
2 4558 1959
2 1904 3585
2 9769 4202
2 7737 1830
2 7013 6550
2 7567 2440
2 3795 7446
2 3544 6474
2 4686 1326
2 9104 1986
2 417 1518
2 6128 6563
2 8816 5332
2 435 9562
2 5295 9485
2 2934 4003
2 2537 1503
2 9549 9815
2 8803 7554
2 1508 7172
2 9254 8856
2 1655 7323
2 2783 3554
2 3066 9613
2 9654 2305
2 4016 1240
2 4782 5888
2 6842 212
2 9105 4657
2 5377 284
2 98 8448
2 1723 1803
2 498 2518
2 8536 5182
2 9705 6473
2 2031 6327
2 5920 7312
2 5955 2856
2 6186 3632
2 4807 5957
2 1550 3058
2 3666 8348
2 5663 6922
2 2497 5668
2 9680 6208
2 6069 6475
2 665 3608
2 9071 7867
2 7226 9353
2 8554 780
2 172 830
2 7102 9951
2 6749 6316
2 8766 6021
2 9289 3885
2 1252 2992
2 6352 5892
2 6710 2967
2 3938 8219
2 1386 1755
2 6409 6425
2 7085 2881
2 3921 4410
2 2036 3654
2 3375 448
2 290 782
2 5686 596
2 2245 6413
2 7380 9586
2 1873 3783
2 1580 601
2 8614 7000
2 5620 4482
