72 6599 1959 45 9738 8033 4467 2603 6440 2922 6428 2150 3448 9475 2734 156 6261 1179 6056 2584 9822 9191 5454 8725 2822 3039 8103 1134 2995 7318 5876 3883 1434 8232 719 2446 3016 5604 7138 2635 9058 187 8141 2139 4891 6812 7590 6198 681 7320 2440 9997 3060 333 9670 8172 9832 9581 2921 3425 2870 9151 2758 9053 1711 8598 5260 3440 327 9145 8078 3216 5679
53 3183 4506 2854 2223 2368 9392 8019 3636 4182 835 1813 3190 3491 2234 5832 1111 5954 6096 4523 3660 7136 7759 577 6130 7849 7277 7653 2717 6781 3187 6430 8544 1566 2849 5371 8786 7080 8858 9106 5266 5959 1785 5831 8044 6570 389 6933 5455 9351 3353 5014 1808 5835
46 9049 2820 586 4172 7678 5634 3873 1666 8980 7418 8450 8220 691 1717 2038 3831 8854 9180 6885 5482 1999 4967 3117 9159 3766 6042 5254 1579 1826 7833 7426 6340 7674 7584 2851 2098 2772 5588 306 4071 4611 5057 1141 9413 7851 9014
39 9168 9861 4114 6507 3423 820 2805 1769 4768 1408 3875 102 5919 6613 4119 8424 78 9888 4141 4078 4904 6808 7245 1587 2586 4466 3922 6424 9321 7914 4960 7643 5046 3249 7782 493 2209 934 175
35 9189 6423 962 3709 2600 9141 8097 746 6950 8946 13 654 4804 4974 3387 3363 9601 9714 1572 5777 8849 9371 3592 6392 1574 666 7324 1048 4322 526 9111 3160 6229 701 8099
32 295 3155 6197 9925 8995 4473 2672 6975 4189 3516 7828 8057 9988 4115 4935 5062 7148 4852 1965 3042 4052 2378 2636 3145 4065 7822 9340 1472 4661 2182 9435 4616
29 2993 152 6603 4764 7427 8407 602 9215 2863 9282 42 1577 4760 9742 1386 6669 7633 2823 445 3590 660 5552 601 3236 7662 1466 7937 1109 8090
27 9284 570 7576 5465 1641 3902 8551 4753 9488 207 5262 558 7995 8724 138 5370 9872 6638 9543 9858 2265 4398 3511 3153 671 9155 4077
25 8453 3611 6845 8561 993 6891 9211 3233 2452 7735 724 2711 9890 3123 8372 7901 7883 3815 7256 3968 3256 5500 8315 4801 3198
23 9054 9696 9814 8579 4469 2652 1660 3265 8709 1187 5798 6956 6227 6330 8595 2381 7760 7132 804 1764 2417 8644 3240
22 3581 9594 5160 8299 8184 2146 1753 8698 2163 8346 3562 8502 9960 7229 4049 395 7382 1568 2563 2830 750 9194
21 5030 929 2191 957 6791 2156 5524 4260 7313 1817 5645 9764 3756 5354 2091 5703 1833 7609 1938 3832 2414
20 5673 3075 625 4830 5801 7855 3288 8085 8607 7794 3827 7205 377 7566 9328 2996 5325 482 4107 1387
19 1204 8404 8039 2648 1599 7642 8546 3877 8267 1824 3209 5955 6190 6021 2847 8669 2607 5535 280
19 4671 2517 3104 8545 5147 9445 3384 9446 8896 9360 1415 5837 6257 9246 6982 816 94 4501 3452
18 3860 4581 1788 9692 1377 3720 1752 1573 1492 6557 9443 7047 2698 4949 8948 6897 3076 8183
18 9718 688 4922 7186 5233 474 4980 5326 9440 1595 5130 6488 1512 6543 4494 7545 9740 7613
17 2765 4349 8653 8246 4574 1539 4634 4759 7511 7781 3704 2713 6668 7179 2198 1143 9662
17 1925 7297 2550 1846 2086 1942 5383 773 3632 1125 1030 994 9727 3025 2297 8383 2351
16 7337 27 3492 9561 8961 8394 8504 5097 6980 9288 90 8128 1130 8730 862 6152
16 9887 9038 3210 4447 3247 405 9031 9213 286 7539 7006 4303 23 3169 8472 436
16 1831 2766 9538 159 7606 7639 9688 5557 352 4662 626 9157 4397 5388 8121 275
15 4805 3179 3929 6001 9447 6319 2090 8364 7487 1038 5467 9248 596 4796 7175
15 8440 9498 8468 1191 8568 6154 8152 4246 3665 8447 8406 7720 5944 7704 2496
15 3628 3181 3235 6770 5939 6683 3496 1359 4236 3775 476 2864 9589 4066 3482
14 5336 9957 4878 846 9243 1035 6597 9850 1893 2803 4433 811 7030 3782
14 612 1425 8590 2583 9826 1896 8207 6671 6497 5241 5008 698 6062 7574
14 5613 9417 3551 1271 7708 9136 8432 4392 7096 4989 3505 1312 8205 7494
13 7216 5049 1247 5608 2202 523 6687 553 6347 6931 534 7343 8657
13 6578 3119 3533 6785 8835 8523 6720 1364 8339 7787 7946 5149 7222
13 4701 6425 4060 5583 839 4338 4474 8366 7235 4390 3171 1062 5756
12 1468 2793 1060 8386 2795 8543 766 2332 1424 3856 5041 2241
12 6796 8983 4166 1437 4797 9117 3693 6214 1734 4794 3878 9820
12 9460 1691 4543 726 7448 8177 314 7918 7984 1348 9913 5503
12 5595 7793 3833 5967 8654 9868 3991 5771 6610 9942 4766 5952
12 4057 5532 9104 9791 5334 3765 3503 9257 328 7395 687 3361
11 6879 5941 5324 182 1365 1040 9992 7569 9336 6245 4754
11 548 4568 1956 2785 8125 8434 7031 6265 9166 2335 6729
11 1196 9695 6200 5984 6461 330 8927 5846 4632 3772 8678
11 3972 2890 9366 1712 3128 4994 9591 5889 9635 554 2330
11 4259 7015 5245 9584 1842 5136 9441 8492 5475 5492 3937
11 9037 4951 8870 5528 4765 8710 5197 7397 1556 8170 4757
11 8971 7251 8399 1339 5903 1746 1768 8166 3258 1805 3681
10 3911 4122 5973 5069 2152 8740 5213 551 6600 7402
10 8903 2554 4807 5209 227 5934 9747 3534 7695 4238
10 4170 3899 5966 5721 3656 3460 8227 6857 1491 9743
10 2000 552 1531 457 2365 5195 7115 7871 2855 910
10 9075 810 8934 9361 498 3027 1924 3630 416 8415
10 6888 528 2954 5653 6294 6595 1186 656 2442 4088
10 8286 8026 8592 3471 1285 1704 5564 6640 915 6992
10 2874 188 7529 9202 4996 5555 8977 4773 256 4507
10 6959 7496 1807 5917 89 6151 8080 128 8850 1021
10 2836 2069 7475 7358 8969 6093 7439 68 5908 5938
9 5886 49 1330 2649 9951 3701 7173 8073 450
9 2557 3575 8952 1751 2813 8565 5206 4503 5077
9 9200 4808 9470 8017 8134 446 5898 3051 9756
9 5740 4751 1113 5476 6890 1816 1670 4169 3383
9 8851 191 1779 9568 281 4944 3501 7421 5113
9 9492 4481 7183 7042 7309 336 7611 271 8431
9 7014 1140 7380 34 6664 3339 8297 8143 6819
9 2005 2777 8481 2418 4068 5529 4660 417 7581
9 7689 563 7694 9227 1067 7979 7011 2604 6623
9 854 5865 3579 702 7329 8513 3316 544 9131
9 5462 1407 736 665 4091 3640 1037 6778 5914
9 1014 9940 3260 7638 2482 8400 1983 1192 5794
8 8781 8919 5511 5156 9522 7394 6475 108
8 1205 8797 4870 5345 3643 2933 8586 747
8 6765 3302 9787 3312 276 5942 9646 4769
8 487 5537 6046 6416 7929 8356 2693 6754
8 5472 6402 6463 3333 9506 8027 144 9685
8 26 5965 8503 6970 2512 1036 2205 1066
8 2524 4802 5545 7335 1139 1818 502 61
8 3921 9699 6864 6482 6635 8566 4803 3385
8 3519 9797 5675 40 6928 4318 2715 3618
8 9236 8118 4067 928 7120 5237 3679 3987
8 1148 4458 6935 6493 1860 7894 5185 2228
8 5377 3324 1909 2858 6655 9251 5112 2012
8 2876 7636 8003 3560 5031 4214 1862 4239
8 6003 8625 7922 5129 5669 9732 7244 9755
8 3659 6699 479 6250 4650 7698 9933 6258
8 350 874 5115 7982 2263 5134 7552 7752
8 1590 4327 9459 3698 7219 3005 8875 5815
8 2916 9042 7384 5153 7458 3914 2399 6231
7 4937 7060 2 5553 6092 7191 2244
7 5881 3149 5247 3598 7864 429 6871
7 1410 2599 1976 3903 6155 2472 6168
7 69 3044 7331 8778 3919 2305 4099
7 5127 598 288 3781 6117 3867 1100
7 5751 3694 7969 2940 667 5387 4957
7 8052 8120 2459 1700 9304 1772 9930
7 7648 9352 659 3099 3951 7449 9224
7 1275 3476 8885 5997 8624 3201 4006
7 4717 1675 6363 9019 9632 6474 4535
7 1614 7253 6936 4279 2042 5128 1520
7 4909 3350 4917 7516 4896 2769 968
7 9804 9606 9039 2971 3064 2469 8745
7 8547 3746 4217 3682 7481 2384 7724
7 2169 9891 477 5632 9592 9128 9385
7 1417 6234 896 540 3278 8324 8717
7 3264 8049 1835 1051 3172 9984 6925
7 130 6961 961 5349 16 2304 3462
7 9130 9219 1756 8949 1278 8841 2526
7 3322 9811 850 3855 3932 6889 7351
7 9286 2963 8130 3950 5483 9378 8890
7 6030 8438 9785 170 2573 1442 1499
7 8733 4824 4480 2140 4436 9966 5534
7 1809 7699 5310 5461 8833 4046 2570
7 3735 2736 7020 1822 9956 7798 8829
7 7744 9884 8464 8282 5895 4 9052
6 3866 3763 2640 2350 6509 6032
6 8083 3306 1926 2195 2003 4442
6 8872 7230 460 6983 7161 9079
6 5109 817 2252 2037 3762 9559
6 9806 8950 9073 2614 9408 273
6 7890 4219 2396 7323 4607 3524
6 6382 7707 5668 2756 5516 3410
6 8540 9175 3582 9702 4311 4966
6 6459 4151 5855 3396 5696 6620
6 5207 6748 7026 1175 1863 1422
6 3259 4415 5566 1964 3518 3268
6 2755 2145 1152 6756 7279 6407
6 1325 6150 5826 2048 9669 7650
6 1560 3417 3844 3126 7084 1745
6 5263 8906 3612 9612 2293 1059
6 6102 2965 9735 1049 7109 8613
6 4034 9636 3373 6973 9817 3295
6 906 8327 2430 3953 3331 5612
6 7986 5116 3811 1024 8261 7985
6 2506 434 6374 7742 9129 1421
6 8699 3620 1053 9836 432 9384
6 9416 1124 4715 2767 4455 5333
6 9382 8053 7295 4710 6910 4386
6 5298 9120 2860 9273 4400 7442
6 1554 60 422 4186 4050 1597
6 1080 3150 7367 1398 3954 6275
6 6790 9123 9967 8936 291 7867
6 8234 1197 7579 3442 6516 4926
6 2186 3 6445 5181 9621 1505
6 4777 2479 1558 780 7543 676
6 2578 6410 8063 4560 2906 2253
6 6351 2141 1890 5585 4200 9899
6 779 3702 7151 9397 653 6284
6 5171 7976 9751 7416 5910 6237
6 4529 1608 8273 82 9076 1737
6 3707 2051 8074 5968 9095 8530
6 4249 5999 2930 421 5005 3367
6 404 4144 2815 9033 4910 9520
6 5940 5400 1429 7232 4195 5148
6 1267 8445 5456 5520 462 2535
6 5258 3323 6177 2168 5226 9627
5 5598 2914 2239 3291 663
5 229 2353 3177 5658 4622
5 9640 8751 6283 3050 3907
5 2752 6113 1600 1465 6563
5 7575 3992 5829 7519 2135
5 9754 3391 4152 3845 1250
5 3623 7116 3139 9515 6815
5 9150 2013 357 3455 5151
5 338 3764 4123 5460 5308
5 9454 5244 2343 6073 9268
5 8193 8162 1776 952 8471
5 2633 9190 2395 9139 1178
5 5680 1220 2085 2747 1758
5 3009 1210 7528 2555 627
5 2323 5182 4476 7790 6869
5 8820 6278 3696 9263 8204
5 4716 3405 7603 1448 4834
5 1644 1855 5423 9816 3744
5 9115 5117 6677 3898 7625
5 3557 2352 4697 4629 1907
5 2966 1631 6995 1390 2841
5 873 5574 4784 1123 5713
5 9772 5086 879 4655 3536
5 931 1260 4156 6444 6005
5 6922 593 6313 1241 837
5 4126 2147 9484 8765 8237
5 5082 7383 2144 4573 9752
5 7177 8439 9980 6681 7992
5 4391 294 5448 4084 8615
5 6000 3680 4009 5724 9790
5 9428 9907 3380 571 2049
5 5860 1715 2664 1961 8693
5 4227 7482 1462 629 9974
5 3671 7769 8277 7147 1380
5 1795 2746 5020 5251 2212
5 1985 4165 1239 1025 1016
5 4976 8584 2768 979 4250
5 375 7845 7485 6912 3266
5 8884 4248 684 919 8697
5 6718 3164 8714 1264 4018
5 6504 678 5416 215 721
5 1515 6211 9625 4933 8549
5 309 5066 7144 2201 5868
5 5102 3036 5436 4175 304
5 4286 9322 2358 9719 5313
5 2339 9761 9096 7723 3411
5 6556 8701 6348 3757 3122
5 3716 6876 1562 5949 7249
5 6421 785 8766 3275 1659
5 4677 3283 6767 2166 4005
5 7180 7957 4408 2137 5726
5 2036 6520 3292 2394 3733
5 9937 5144 5654 9629 8418
5 9777 5945 2126 4983 1257
5 171 4355 605 5051 2701
5 6255 2401 9258 8910 1588
5 4636 4192 9549 1681 6322
5 4587 443 2873 7667 3412
5 4739 5896 8663 8250 4718
5 8072 7715 158 6822 6242
5 4181 4001 8046 4082 5705
5 706 6481 3238 1575 8966
5 1430 7728 9097 2236 2912
5 9678 8108 8575 1913 6868
5 4314 7436 6844 2775 3347
5 397 7980 7773 6125 3610
5 8937 7430 3118 8954 2101
5 9963 6123 5990 4628 6016
5 9590 9915 6292 3851 1969
4 1923 4053 9027 9721
4 289 3755 504 5542
4 515 2218 8421 1217
4 3186 6966 5797 9874
4 9773 2024 6485 6766
4 4817 7721 6554 9241
4 1276 6753 8651 7176
4 795 4867 5318 2677
4 9708 2279 7679 5229
4 208 5783 1293 6794
4 15 949 3836 6657
4 791 5210 9462 238
4 6262 1283 1165 8266
4 7865 738 7158 4304
4 7952 2519 5525 8992
4 1604 6746 4393 7286
4 8681 73 221 768
4 4104 4887 7259 9147
4 4567 908 6464 5307
4 7381 1441 5883 7974
4 4252 7621 9165 5
4 1740 784 8526 2569
4 7203 1794 3722 7607
4 5714 9489 589 3332
4 1787 408 2221 3881
4 6027 8726 2167 7668
4 4495 1076 163 5610
4 5522 5224 3267 9831
4 3537 4030 5867 53
4 5126 4309 4942 9391
4 1760 6379 6985 3346
4 2801 7086 1612 7149
4 7016 7408 5360 6452
4 2138 2992 3731 4627
4 1236 8594 4639 2053
4 232 7488 6280 3318
4 610 1138 4530 9242
4 1133 5744 3049 2058
4 6580 5499 62 3703
4 3847 7572 7185 8293
4 8500 9825 7842 4903
4 2295 5052 4553 1677
4 81 5693 1093 8991
4 7637 6731 1994 4183
4 8711 4278 5706 740
4 1095 813 5166 6049
4 4788 5901 7870 5671
4 2429 1042 220 6779
4 2359 2057 3443 4096
4 343 9909 9537 8462
4 5682 167 2468 7406
4 5368 8368 9856 5796
4 4093 7087 4076 8281
4 6618 555 6566 4858
4 2346 8257 1055 2154
4 7022 489 1282 8178
4 35 2258 4302 6411
4 9302 1131 4730 6500
4 8933 2920 3783 1373
4 792 6304 7327 6816
4 147 8176 1300 4307
4 4514 6710 1412 1674
4 5478 9229 132 5683
4 393 1547 3091 970
4 5058 704 1639 3949
4 9504 8957 682 8865
4 971 8417 899 8634
4 8754 2840 1521 2622
4 9329 4948 6622 4323
4 8006 8746 8375 5348
4 2710 930 8756 2301
4 2375 2106 5351 1229
4 3667 9540 3804 5022
4 236 8320 1203 1198
4 8924 6634 8381 3033
4 9494 5912 2018 7719
4 216 703 9803 1854
4 1996 2298 4703 8012
4 590 4722 4694 3242
4 8970 8050 8564 2439
4 4795 3225 8410 3114
4 675 6519 8201 5188
4 7361 2642 9665 6105
4 8798 4313 456 8727
4 1487 7375 2838 7299
4 4486 3019 6341 4069
4 6551 2609 7061 2918
4 6727 6658 1592 6007
4 6826 1750 9356 5857
4 9961 6427 3917 7464
4 6616 5619 9407 1542
4 2673 1593 2391 606
4 7239 9955 6267 8958
4 6703 319 9989 6299
4 5125 9121 2782 473
4 8093 9223 385 2608
4 8834 9055 3272 7910
4 9467 5167 3001 5201
4 1414 3479 6643 4673
4 91 5323 8913 7412
4 7065 6990 173 8285
4 7691 1004 3541 4597
4 7201 8791 1865 8609
4 1689 5435 1804 8790
4 5916 4231 941 5670
4 6167 8111 1238 5580
4 2770 5863 6221 7538
4 4975 43 7891 8239
4 9238 8442 2868 4221
4 9585 5228 6859 2637
4 5925 9599 2644 8494
4 3669 9546 572 1160
4 690 9394 5353 7800
4 5079 6099 8831 3573
4 164 513 9456 6676
4 33 7359 184 1243
4 7467 9864 745 308
4 8569 7110 3205 8365
4 2591 5637 7605 7944
4 402 320 7526 4282
4 4298 3079 9477 4015
4 5138 9315 6128 679
4 2129 185 7878 630
4 7117 365 3997 5446
4 5433 956 3335 3297
3 1222 8968 7349
3 851 9235 1009
3 7347 7028 541
3 2096 9485 7988
3 3300 6036 9565
3 1344 3854 3741
