17 168 65 180 167 0 54 234 275 34 36 216 87 221 85 179 108 249
11 296 99 41 184 164 116 88 110 33 80 212
7 72 7 8 103 4 134 75
7 148 286 299 246 294 259 24
5 162 159 210 203 136
5 133 62 220 161 276
4 127 13 260 92
4 137 58 193 95
4 227 225 290 56
3 218 15 18
3 273 171 150
3 285 144 187
3 74 107 105
3 263 63 38
3 261 156 267
3 198 19 125
3 44 60 200
3 57 129 79
2 21 245
2 213 226
2 166 113
2 53 232
2 91 224
2 39 277
2 188 230
2 174 96
2 281 29
2 32 128
2 172 214
2 28 40
2 282 102
2 284 241
2 222 202
2 146 244
2 204 217
2 239 64
2 121 122
2 82 14
2 157 254
2 111 185
2 50 26
1 243
1 268
1 158
1 68
1 295
1 3
1 236
1 271
1 86
1 27
1 207
1 191
1 209
1 253
1 117
1 11
1 163
1 258
1 61
1 170
1 89
1 298
1 109
1 177
1 197
1 160
1 237
1 22
1 195
1 23
1 73
1 269
1 190
1 147
1 6
1 114
1 140
1 48
1 76
1 90
1 93
1 42
1 10
1 70
1 119
1 283
1 235
1 25
1 101
1 118
1 131
1 5
1 81
1 138
1 201
1 287
1 83
1 124
1 205
